<?xml version="1.0" encoding="UTF-8"?>
<!-- Generated by org.testng.reporters.JUnitReportReporter -->
<testsuite hostname="SPCOKLAP-5245" failures="0" tests="1" name="com.test.CallcentreModule.AllScenarios_CallCentremodule" time="94.842" errors="0" timestamp="2025-01-17T09:20:02 IST" skipped="0">
  <testcase classname="com.test.CallcentreModule.AllScenarios_CallCentremodule" name="RUNALL" time="94.842"/>
  <system-out/>
</testsuite> <!-- com.test.CallcentreModule.AllScenarios_CallCentremodule -->
