<?xml version="1.0" encoding="UTF-8"?>
<!-- Generated by org.testng.reporters.JUnitReportReporter -->
<testsuite hostname="SPCOKLAP-5245" failures="0" tests="2" name="com.test.CallcentreModule.AllScenarios_EWCLeaveModule" time="97.252" errors="0" timestamp="2024-12-27T12:00:40 IST" skipped="0">
  <testcase classname="com.test.CallcentreModule.AllScenarios_EWCLeaveModule" name="RUNALL" time="97.251"/>
  <system-out/>
  <testcase classname="com.test.CallcentreModule.AllScenarios_EWCLeaveModule" name="RUNALL" time="0.001"/>
  <system-out/>
</testsuite> <!-- com.test.CallcentreModule.AllScenarios_EWCLeaveModule -->
