<?xml version="1.0" encoding="UTF-8"?>
<!-- Generated by org.testng.reporters.JUnitReportReporter -->
<testsuite hostname="SPCOKLAP-5245" failures="0" tests="1" name="com.test.CallcentreModule.AllScenarios_Login" time="21.578" errors="0" timestamp="2024-12-24T14:09:43 IST" skipped="0">
  <testcase classname="com.test.CallcentreModule.AllScenarios_Login" name="RUNALL" time="21.578"/>
  <system-out/>
</testsuite> <!-- com.test.CallcentreModule.AllScenarios_Login -->
