<?xml version="1.0" encoding="UTF-8"?>
<!-- Generated by org.testng.reporters.JUnitReportReporter -->
<testsuite hostname="SPCOKLAP-5245" failures="0" tests="1" name="com.test.CallcentreModule.AllScenarios_CallCentremodule" time="259.313" errors="0" timestamp="2025-01-13T14:18:00 IST" skipped="0">
  <testcase classname="com.test.CallcentreModule.AllScenarios_CallCentremodule" name="RUNALL" time="259.313"/>
  <system-out/>
</testsuite> <!-- com.test.CallcentreModule.AllScenarios_CallCentremodule -->
