<?xml version="1.0" encoding="UTF-8"?>
<!-- Generated by org.testng.reporters.JUnitReportReporter -->
<testsuite hostname="SPCOKLAP-5245" failures="0" tests="1" name="com.test.CallcentreModule.AllScenarios_Adduser" time="175.477" errors="0" timestamp="2025-01-14T11:42:21 IST" skipped="0">
  <testcase classname="com.test.CallcentreModule.AllScenarios_Adduser" name="RUNALL" time="175.477"/>
  <system-out/>
</testsuite> <!-- com.test.CallcentreModule.AllScenarios_Adduser -->
